<?xml version="1.0" encoding="UTF-8"?>
<!-- Generated by org.testng.reporters.JUnitXMLReporter -->
<testsuite ignored="0" hostname="DESKTOP-2PSCSJ2" failures="0" tests="9" name="Subscription Test Cases" time="137.434" errors="0" timestamp="2024-05-24T15:08:34 AST">
  <testcase classname="com.stctvsubscription.testcases.SubscriptionTestSuite" name="verifyStcTVSubscriptionTypesforKSA" time="5.779"/>
  <testcase classname="com.stctvsubscription.testcases.SubscriptionTestSuite" name="verifyStcTVSubscriptionTypesforKSA" time="6.861"/>
  <testcase classname="com.stctvsubscription.testcases.SubscriptionTestSuite" name="verifyStcTVSubscriptionTypesforKSA" time="5.873"/>
  <testcase classname="com.stctvsubscription.testcases.SubscriptionTestSuite" name="verifyStcTVSubscriptionTypesforBahrain" time="6.658"/>
  <testcase classname="com.stctvsubscription.testcases.SubscriptionTestSuite" name="verifyStcTVSubscriptionTypesforBahrain" time="5.069"/>
  <testcase classname="com.stctvsubscription.testcases.SubscriptionTestSuite" name="verifyStcTVSubscriptionTypesforBahrain" time="7.155"/>
  <testcase classname="com.stctvsubscription.testcases.SubscriptionTestSuite" name="verifyStcTVSubscriptionTypesforKuwait" time="8.196"/>
  <testcase classname="com.stctvsubscription.testcases.SubscriptionTestSuite" name="verifyStcTVSubscriptionTypesforKuwait" time="5.577"/>
  <testcase classname="com.stctvsubscription.testcases.SubscriptionTestSuite" name="verifyStcTVSubscriptionTypesforKuwait" time="5.326"/>
</testsuite> <!-- Subscription Test Cases -->
