<?xml version="1.0" encoding="UTF-8"?>
<!-- Generated by org.testng.reporters.JUnitXMLReporter -->
<testsuite ignored="0" hostname="DESKTOP-2PSCSJ2" failures="0" tests="9" name="Default test" time="51.992" errors="0" timestamp="2024-08-11T15:36:00 AST">
  <testcase classname="com.stctvsubscription.testcases.SubscriptionTest" name="verifyStcTVSubscriptionTypesforKSA" time="5.374"/>
  <testcase classname="com.stctvsubscription.testcases.SubscriptionTest" name="verifyStcTVSubscriptionTypesforKSA" time="3.569"/>
  <testcase classname="com.stctvsubscription.testcases.SubscriptionTest" name="verifyStcTVSubscriptionTypesforKSA" time="3.66"/>
  <testcase classname="com.stctvsubscription.testcases.SubscriptionTest" name="verifyStcTVSubscriptionTypesforBahrain" time="3.692"/>
  <testcase classname="com.stctvsubscription.testcases.SubscriptionTest" name="verifyStcTVSubscriptionTypesforBahrain" time="2.975"/>
  <testcase classname="com.stctvsubscription.testcases.SubscriptionTest" name="verifyStcTVSubscriptionTypesforBahrain" time="2.713"/>
  <testcase classname="com.stctvsubscription.testcases.SubscriptionTest" name="verifyStcTVSubscriptionTypesforKuwait" time="3.597"/>
  <testcase classname="com.stctvsubscription.testcases.SubscriptionTest" name="verifyStcTVSubscriptionTypesforKuwait" time="2.86"/>
  <testcase classname="com.stctvsubscription.testcases.SubscriptionTest" name="verifyStcTVSubscriptionTypesforKuwait" time="2.508"/>
</testsuite> <!-- Default test -->
